2.8941 	WARNING 	We strongly recommend you activate the PTB sound engine in PsychoPy prefs as the preferred audio engine. Its timing is vastly superior. Your prefs are currently set to use ['sounddevice', 'PTB', 'pyo', 'pygame'] (in that order).
6.9256 	WARNING 	User requested fullscreen with size [1440  900], but screen is actually [2880, 1800]. Using actual size
10.6978 	EXP 	Created window1 = Window(allowGUI=True, allowStencil=False, autoLog=True, backendConf=UNKNOWN, bitsMode=UNKNOWN, blendMode='avg', bpc=(8, 8, 8), color=array([0, 0, 0]), colorSpace='rgb', depthBits=8, fullscr=<method-wrapper '__getattribute__' of attributeSetter object at 0x0000027759481130>, gamma=None, gammaErrorPolicy='raise', lms=UNKNOWN, monitor=<psychopy.monitors.calibTools.Monitor object at 0x000002775EBAF700>, multiSample=False, name='window1', numSamples=2, pos=(0, 0), screen=0, size=array([2880, 1800]), stencilBits=0, stereo=False, units='height', useFBO=True, useRetina=False, viewOri=0.0, viewPos=None, viewScale=None, waitBlanking=True, winType='pyglet')
10.6979 	EXP 	window1: mouseVisible = True
10.6981 	EXP 	window1: mouseVisible = False
10.6981 	EXP 	window1: Attempting to measure frame rate of screen (0) ...
10.6981 	EXP 	window1: recordFrameIntervals = False
10.8639 	EXP 	window1: recordFrameIntervals = True
11.0474 	EXP 	Screen (0) actual frame rate measured at 60.03Hz
11.0474 	EXP 	window1: recordFrameIntervals = False
13.4021 	EXP 	Created welcome_text = TextStim(__class__=<class 'psychopy.visual.text.TextStim'>, alignHoriz=method-wrapper(...), alignText='center', alignVert=method-wrapper(...), anchorHoriz='center', anchorVert='center', antialias=True, autoDraw=False, autoLog=True, bold=False, color=array([1, 1, 1]), colorSpace='rgb', contrast=1.0, depth=-1.0, flipHoriz=False, flipVert=False, font='Open Sans', fontFiles=[], height=0.05, italic=False, languageStyle='LTR', name='welcome_text', opacity=1.0, ori=0.0, pos=array([0., 0.]), rgb=UNKNOWN, text=str(...), units='height', win=Window(...), wrapWidth=1)
13.4290 	EXP 	Created instructions_1_text = TextStim(__class__=<class 'psychopy.visual.text.TextStim'>, alignHoriz=method-wrapper(...), alignText='center', alignVert=method-wrapper(...), anchorHoriz='center', anchorVert='center', antialias=True, autoDraw=False, autoLog=True, bold=False, color=array([1, 1, 1]), colorSpace='rgb', contrast=1.0, depth=-1.0, flipHoriz=False, flipVert=False, font='Open Sans', fontFiles=[], height=0.05, italic=False, languageStyle='LTR', name='instructions_1_text', opacity=1.0, ori=0.0, pos=array([0., 0.]), rgb=UNKNOWN, text=str(...), units='height', win=Window(...), wrapWidth=1)
13.4496 	EXP 	Created instructions_2_text = TextStim(__class__=<class 'psychopy.visual.text.TextStim'>, alignHoriz=method-wrapper(...), alignText='center', alignVert=method-wrapper(...), anchorHoriz='center', anchorVert='center', antialias=True, autoDraw=False, autoLog=True, bold=False, color=array([1, 1, 1]), colorSpace='rgb', contrast=1.0, depth=-1.0, flipHoriz=False, flipVert=False, font='Open Sans', fontFiles=[], height=0.05, italic=False, languageStyle='LTR', name='instructions_2_text', opacity=1.0, ori=0.0, pos=array([0., 0.]), rgb=UNKNOWN, text=str(...), units='height', win=Window(...), wrapWidth=1)
13.4507 	EXP 	Created text_countdown = TextStim(__class__=<class 'psychopy.visual.text.TextStim'>, alignHoriz=method-wrapper(...), alignText='center', alignVert=method-wrapper(...), anchorHoriz='center', anchorVert='center', antialias=True, autoDraw=False, autoLog=True, bold=False, color=array([1, 1, 1]), colorSpace='rgb', contrast=1.0, depth=0.0, flipHoriz=False, flipVert=False, font='Open Sans', fontFiles=[], height=0.1, italic=False, languageStyle='LTR', name='text_countdown', opacity=1.0, ori=0.0, pos=array([0., 0.]), rgb=UNKNOWN, text='', units='height', win=Window(...), wrapWidth=1)
13.4706 	EXP 	Created image = ImageStim(__class__=<class 'psychopy.visual.image.ImageStim'>, anchor=('center', 'center'), autoLog=True, color=array([1, 1, 1]), colorSpace='rgb', contrast=1.0, depth=0.0, flipHoriz=False, flipVert=False, image='sin', interpolate=True, mask=None, maskParams=None, name='image', opacity=1.0, ori=0.0, pos=array([0., 0.]), size=array([0.5, 0.5]), texRes=128.0, units='height', win=Window(...))
13.4763 	EXP 	Created size_question = TextStim(__class__=<class 'psychopy.visual.text.TextStim'>, alignHoriz=method-wrapper(...), alignText='center', alignVert=method-wrapper(...), anchorHoriz='center', anchorVert='center', antialias=True, autoDraw=False, autoLog=True, bold=False, color=array([1, 1, 1]), colorSpace='rgb', contrast=1.0, depth=-1.0, flipHoriz=False, flipVert=False, font='Open Sans', fontFiles=[], height=0.05, italic=False, languageStyle='LTR', name='size_question', opacity=1.0, ori=0.0, pos=array([0. , 0.4]), rgb=UNKNOWN, text='Is this tool larger or smaller than a shoebox?', units='height', win=Window(...), wrapWidth=1)
13.4824 	EXP 	Created keypress_options = TextStim(__class__=<class 'psychopy.visual.text.TextStim'>, alignHoriz=method-wrapper(...), alignText='center', alignVert=method-wrapper(...), anchorHoriz='center', anchorVert='center', antialias=True, autoDraw=False, autoLog=True, bold=False, color=array([1, 1, 1]), colorSpace='rgb', contrast=1.0, depth=-3.0, flipHoriz=False, flipVert=False, font='Open Sans', fontFiles=[], height=0.05, italic=False, languageStyle='LTR', name='keypress_options', opacity=1.0, ori=0.0, pos=array([ 0. , -0.4]), rgb=UNKNOWN, text=str(...), units='height', win=Window(...), wrapWidth=1.2)
13.4850 	EXP 	Created fb_image = ImageStim(__class__=<class 'psychopy.visual.image.ImageStim'>, anchor=('center', 'center'), autoLog=True, color=array([1, 1, 1]), colorSpace='rgb', contrast=1.0, depth=0.0, flipHoriz=False, flipVert=False, image='sin', interpolate=True, mask=None, maskParams=None, name='fb_image', opacity=1.0, ori=0.0, pos=array([0., 0.]), size=array([0.5, 0.5]), texRes=128.0, units='height', win=Window(...))
13.4858 	EXP 	Created fb = TextStim(__class__=<class 'psychopy.visual.text.TextStim'>, alignHoriz=method-wrapper(...), alignText='center', alignVert=method-wrapper(...), anchorHoriz='center', anchorVert='center', antialias=True, autoDraw=False, autoLog=True, bold=False, color=array([1, 1, 1]), colorSpace='rgb', contrast=1.0, depth=-2.0, flipHoriz=False, flipVert=False, font='Open Sans', fontFiles=[], height=0.075, italic=False, languageStyle='LTR', name='fb', opacity=1.0, ori=0.0, pos=array([ 0. , -0.4]), rgb=UNKNOWN, text='', units='height', win=Window(...), wrapWidth=1)
13.4899 	EXP 	Created fb_size_question = TextStim(__class__=<class 'psychopy.visual.text.TextStim'>, alignHoriz=method-wrapper(...), alignText='center', alignVert=method-wrapper(...), anchorHoriz='center', anchorVert='center', antialias=True, autoDraw=False, autoLog=True, bold=False, color=array([1, 1, 1]), colorSpace='rgb', contrast=1.0, depth=-3.0, flipHoriz=False, flipVert=False, font='Open Sans', fontFiles=[], height=0.05, italic=False, languageStyle='LTR', name='fb_size_question', opacity=1.0, ori=0.0, pos=array([0. , 0.4]), rgb=UNKNOWN, text='Is this tool larger or smaller than a shoebox?', units='height', win=Window(...), wrapWidth=1)
13.4960 	EXP 	Created block_break_text = TextStim(__class__=<class 'psychopy.visual.text.TextStim'>, alignHoriz=method-wrapper(...), alignText='center', alignVert=method-wrapper(...), anchorHoriz='center', anchorVert='center', antialias=True, autoDraw=False, autoLog=True, bold=False, color=array([1, 1, 1]), colorSpace='rgb', contrast=1.0, depth=0.0, flipHoriz=False, flipVert=False, font='Open Sans', fontFiles=[], height=0.05, italic=False, languageStyle='LTR', name='block_break_text', opacity=1.0, ori=0.0, pos=array([0., 0.]), rgb=UNKNOWN, text=str(...), units='height', win=Window(...), wrapWidth=1)
13.5112 	EXP 	Created seq_reveal = TextStim(__class__=<class 'psychopy.visual.text.TextStim'>, alignHoriz=method-wrapper(...), alignText='center', alignVert=method-wrapper(...), anchorHoriz='center', anchorVert='center', antialias=True, autoDraw=False, autoLog=True, bold=False, color=array([1, 1, 1]), colorSpace='rgb', contrast=1.0, depth=-1.0, flipHoriz=False, flipVert=False, font='Open Sans', fontFiles=[], height=0.05, italic=False, languageStyle='LTR', name='seq_reveal', opacity=1.0, ori=0.0, pos=array([0., 0.]), rgb=UNKNOWN, text=str(...), units='height', win=Window(...), wrapWidth=1)
13.5374 	EXP 	Created instruction_2afc_text = TextStim(__class__=<class 'psychopy.visual.text.TextStim'>, alignHoriz=method-wrapper(...), alignText='center', alignVert=method-wrapper(...), anchorHoriz='center', anchorVert='center', antialias=True, autoDraw=False, autoLog=True, bold=False, color=array([1, 1, 1]), colorSpace='rgb', contrast=1.0, depth=0.0, flipHoriz=False, flipVert=False, font='Open Sans', fontFiles=[], height=0.05, italic=False, languageStyle='LTR', name='instruction_2afc_text', opacity=1.0, ori=0.0, pos=array([0., 0.]), rgb=UNKNOWN, text=str(...), units='height', win=Window(...), wrapWidth=1)
13.5428 	EXP 	Created dist_2afc_test = TextStim(__class__=<class 'psychopy.visual.text.TextStim'>, alignHoriz=method-wrapper(...), alignText='center', alignVert=method-wrapper(...), anchorHoriz='center', anchorVert='center', antialias=True, autoDraw=False, autoLog=True, bold=False, color=array([1, 1, 1]), colorSpace='rgb', contrast=1.0, depth=0.0, flipHoriz=False, flipVert=False, font='Open Sans', fontFiles=[], height=0.05, italic=False, languageStyle='LTR', name='dist_2afc_test', opacity=1.0, ori=0.0, pos=array([0. , 0.4]), rgb=UNKNOWN, text=str(...), units='height', win=Window(...), wrapWidth=1)
13.5490 	EXP 	Created text = TextStim(__class__=<class 'psychopy.visual.text.TextStim'>, alignHoriz=method-wrapper(...), alignText='center', alignVert=method-wrapper(...), anchorHoriz='center', anchorVert='center', antialias=True, autoDraw=False, autoLog=True, bold=False, color=array([1, 1, 1]), colorSpace='rgb', contrast=1.0, depth=-2.0, flipHoriz=False, flipVert=False, font='Open Sans', fontFiles=[], height=0.05, italic=False, languageStyle='LTR', name='text', opacity=1.0, ori=0.0, pos=array([ 0. , -0.4]), rgb=UNKNOWN, text=str(...), units='height', win=Window(...), wrapWidth=1)
13.5535 	EXP 	Created stim_00 = ImageStim(__class__=<class 'psychopy.visual.image.ImageStim'>, anchor=('center', 'center'), autoLog=True, color=array([1, 1, 1]), colorSpace='rgb', contrast=1.0, depth=-3.0, flipHoriz=False, flipVert=False, image='sin', interpolate=True, mask=None, maskParams=None, name='stim_00', opacity=1.0, ori=0.0, pos=array([-0.4 ,  0.15]), size=array([0.25, 0.25]), texRes=128.0, units='height', win=Window(...))
13.5583 	EXP 	Created stim_01 = ImageStim(__class__=<class 'psychopy.visual.image.ImageStim'>, anchor=('center', 'center'), autoLog=True, color=array([1, 1, 1]), colorSpace='rgb', contrast=1.0, depth=-4.0, flipHoriz=False, flipVert=False, image='sin', interpolate=True, mask=None, maskParams=None, name='stim_01', opacity=1.0, ori=0.0, pos=array([-0.4 , -0.15]), size=array([0.25, 0.25]), texRes=128.0, units='height', win=Window(...))
13.5627 	EXP 	Created stim_10 = ImageStim(__class__=<class 'psychopy.visual.image.ImageStim'>, anchor=('center', 'center'), autoLog=True, color=array([1, 1, 1]), colorSpace='rgb', contrast=1.0, depth=-5.0, flipHoriz=False, flipVert=False, image='sin', interpolate=True, mask=None, maskParams=None, name='stim_10', opacity=1.0, ori=0.0, pos=array([0.4 , 0.15]), size=array([0.25, 0.25]), texRes=128.0, units='height', win=Window(...))
13.5669 	EXP 	Created stim_11 = ImageStim(__class__=<class 'psychopy.visual.image.ImageStim'>, anchor=('center', 'center'), autoLog=True, color=array([1, 1, 1]), colorSpace='rgb', contrast=1.0, depth=-6.0, flipHoriz=False, flipVert=False, image='sin', interpolate=True, mask=None, maskParams=None, name='stim_11', opacity=1.0, ori=0.0, pos=array([ 0.4 , -0.15]), size=array([0.25, 0.25]), texRes=128.0, units='height', win=Window(...))
13.6649 	EXP 	Created graph = ImageStim(__class__=<class 'psychopy.visual.image.ImageStim'>, anchor=('center', 'center'), autoLog=True, color=array([1, 1, 1]), colorSpace='rgb', contrast=1.0, depth=0.0, flipHoriz=False, flipVert=False, image='eb01_graph structure.jpg', interpolate=True, mask=None, maskParams=None, name='graph', opacity=1.0, ori=0.0, pos=array([-0.4,  0. ]), size=array([0.3, 0.4]), texRes=128.0, units='height', win=Window(...))
13.7014 	EXP 	Created debrief_text = TextStim(__class__=<class 'psychopy.visual.text.TextStim'>, alignHoriz=method-wrapper(...), alignText='center', alignVert=method-wrapper(...), anchorHoriz='center', anchorVert='center', antialias=True, autoDraw=False, autoLog=True, bold=False, color=array([1, 1, 1]), colorSpace='rgb', contrast=1.0, depth=-1.0, flipHoriz=False, flipVert=False, font='Open Sans', fontFiles=[], height=0.02, italic=False, languageStyle='LTR', name='debrief_text', opacity=1.0, ori=0.0, pos=array([0.3, 0. ]), rgb=UNKNOWN, text=str(...), units='height', win=Window(...), wrapWidth=1)
13.7080 	EXP 	Created debriefing_title = TextStim(__class__=<class 'psychopy.visual.text.TextStim'>, alignHoriz=method-wrapper(...), alignText='center', alignVert=method-wrapper(...), anchorHoriz='center', anchorVert='center', antialias=True, autoDraw=False, autoLog=True, bold=False, color=array([1, 1, 1]), colorSpace='rgb', contrast=1.0, depth=-2.0, flipHoriz=False, flipVert=False, font='Open Sans', fontFiles=[], height=0.05, italic=False, languageStyle='LTR', name='debriefing_title', opacity=1.0, ori=0.0, pos=array([0. , 0.4]), rgb=UNKNOWN, text='Debriefing', units='height', win=Window(...), wrapWidth=1)
13.7215 	EXP 	welcome_text: autoDraw = True
14.8343 	DATA 	Keypress: return
14.8475 	EXP 	welcome_text: autoDraw = False
14.8475 	EXP 	instructions_1_text: autoDraw = True
15.4515 	DATA 	Keypress: return
15.4812 	EXP 	instructions_1_text: autoDraw = False
15.4812 	EXP 	instructions_2_text: autoDraw = True
16.2507 	DATA 	Keypress: space
16.2545 	EXP 	instructions_2_text: autoDraw = False
16.2545 	EXP 	text_countdown: autoDraw = True
21.2491 	EXP 	Created sequence: random, trialTypes=1, nReps=0, seed=None
21.2640 	EXP 	text_countdown: autoDraw = False
21.2640 	EXP 	seq_reveal: autoDraw = True
21.9986 	DATA 	Keypress: space
22.5999 	DATA 	Keypress: space
23.3047 	DATA 	Keypress: space
23.3141 	EXP 	seq_reveal: autoDraw = False
23.3141 	EXP 	instruction_2afc_text: autoDraw = True
24.1491 	DATA 	Keypress: return
24.7827 	DATA 	Keypress: return
25.2252 	EXP 	Created sequence: random, trialTypes=1, nReps=48, seed=None
25.2255 	EXP 	New trial (rep=0, index=0): None
25.2992 	DATA 	Keypress: return
25.3036 	EXP 	instruction_2afc_text: autoDraw = False
25.3036 	EXP 	stim_00: image = 'stimuli/2.png'
25.3036 	EXP 	stim_01: image = 'stimuli/3.png'
25.3036 	EXP 	stim_10: image = 'stimuli/9.png'
25.3036 	EXP 	stim_11: image = 'stimuli/6.png'
25.3036 	EXP 	dist_2afc_test: autoDraw = True
25.3036 	EXP 	text: autoDraw = True
25.3036 	EXP 	stim_00: autoDraw = True
25.3036 	EXP 	stim_01: autoDraw = True
25.3036 	EXP 	stim_10: autoDraw = True
25.3036 	EXP 	stim_11: autoDraw = True
26.5091 	EXP 	New trial (rep=1, index=0): None
26.5316 	DATA 	Keypress: left
26.5353 	EXP 	dist_2afc_test: autoDraw = False
26.5353 	EXP 	text: autoDraw = False
26.5353 	EXP 	stim_00: autoDraw = False
26.5353 	EXP 	stim_01: autoDraw = False
26.5353 	EXP 	stim_10: autoDraw = False
26.5353 	EXP 	stim_11: autoDraw = False
26.5353 	EXP 	stim_00: image = 'stimuli/3.png'
26.5353 	EXP 	stim_01: image = 'stimuli/8.png'
26.5353 	EXP 	stim_10: image = 'stimuli/3.png'
26.5353 	EXP 	stim_11: image = 'stimuli/6.png'
26.5353 	EXP 	dist_2afc_test: autoDraw = True
26.5353 	EXP 	text: autoDraw = True
26.5353 	EXP 	stim_00: autoDraw = True
26.5353 	EXP 	stim_01: autoDraw = True
26.5353 	EXP 	stim_10: autoDraw = True
26.5353 	EXP 	stim_11: autoDraw = True
27.0153 	EXP 	New trial (rep=2, index=0): None
27.0368 	DATA 	Keypress: right
27.0407 	EXP 	dist_2afc_test: autoDraw = False
27.0407 	EXP 	text: autoDraw = False
27.0407 	EXP 	stim_00: autoDraw = False
27.0407 	EXP 	stim_01: autoDraw = False
27.0407 	EXP 	stim_10: autoDraw = False
27.0407 	EXP 	stim_11: autoDraw = False
27.0407 	EXP 	stim_00: image = 'stimuli/3.png'
27.0407 	EXP 	stim_01: image = 'stimuli/4.png'
27.0407 	EXP 	stim_10: image = 'stimuli/3.png'
27.0407 	EXP 	stim_11: image = 'stimuli/5.png'
27.0407 	EXP 	dist_2afc_test: autoDraw = True
27.0407 	EXP 	text: autoDraw = True
27.0407 	EXP 	stim_00: autoDraw = True
27.0407 	EXP 	stim_01: autoDraw = True
27.0407 	EXP 	stim_10: autoDraw = True
27.0407 	EXP 	stim_11: autoDraw = True
27.3820 	EXP 	New trial (rep=3, index=0): None
27.3998 	DATA 	Keypress: left
27.4041 	EXP 	dist_2afc_test: autoDraw = False
27.4041 	EXP 	text: autoDraw = False
27.4041 	EXP 	stim_00: autoDraw = False
27.4041 	EXP 	stim_01: autoDraw = False
27.4041 	EXP 	stim_10: autoDraw = False
27.4041 	EXP 	stim_11: autoDraw = False
27.4041 	EXP 	stim_00: image = 'stimuli/2.png'
27.4041 	EXP 	stim_01: image = 'stimuli/4.png'
27.4041 	EXP 	stim_10: image = 'stimuli/1.png'
27.4041 	EXP 	stim_11: image = 'stimuli/6.png'
27.4041 	EXP 	dist_2afc_test: autoDraw = True
27.4041 	EXP 	text: autoDraw = True
27.4041 	EXP 	stim_00: autoDraw = True
27.4041 	EXP 	stim_01: autoDraw = True
27.4041 	EXP 	stim_10: autoDraw = True
27.4041 	EXP 	stim_11: autoDraw = True
27.6181 	EXP 	New trial (rep=4, index=0): None
27.6438 	DATA 	Keypress: right
27.6475 	EXP 	dist_2afc_test: autoDraw = False
27.6475 	EXP 	text: autoDraw = False
27.6475 	EXP 	stim_00: autoDraw = False
27.6475 	EXP 	stim_01: autoDraw = False
27.6475 	EXP 	stim_10: autoDraw = False
27.6475 	EXP 	stim_11: autoDraw = False
27.6475 	EXP 	stim_00: image = 'stimuli/2.png'
27.6475 	EXP 	stim_01: image = 'stimuli/3.png'
27.6475 	EXP 	stim_10: image = 'stimuli/1.png'
27.6475 	EXP 	stim_11: image = 'stimuli/5.png'
27.6475 	EXP 	dist_2afc_test: autoDraw = True
27.6475 	EXP 	text: autoDraw = True
27.6475 	EXP 	stim_00: autoDraw = True
27.6475 	EXP 	stim_01: autoDraw = True
27.6475 	EXP 	stim_10: autoDraw = True
27.6475 	EXP 	stim_11: autoDraw = True
27.9154 	EXP 	New trial (rep=5, index=0): None
27.9481 	DATA 	Keypress: left
27.9515 	EXP 	dist_2afc_test: autoDraw = False
27.9515 	EXP 	text: autoDraw = False
27.9515 	EXP 	stim_00: autoDraw = False
27.9515 	EXP 	stim_01: autoDraw = False
27.9515 	EXP 	stim_10: autoDraw = False
27.9515 	EXP 	stim_11: autoDraw = False
27.9515 	EXP 	stim_00: image = 'stimuli/1.png'
27.9515 	EXP 	stim_01: image = 'stimuli/3.png'
27.9515 	EXP 	stim_10: image = 'stimuli/3.png'
27.9515 	EXP 	stim_11: image = 'stimuli/8.png'
27.9515 	EXP 	dist_2afc_test: autoDraw = True
27.9515 	EXP 	text: autoDraw = True
27.9515 	EXP 	stim_00: autoDraw = True
27.9515 	EXP 	stim_01: autoDraw = True
27.9515 	EXP 	stim_10: autoDraw = True
27.9515 	EXP 	stim_11: autoDraw = True
28.1990 	EXP 	New trial (rep=6, index=0): None
28.2120 	DATA 	Keypress: right
28.2161 	EXP 	dist_2afc_test: autoDraw = False
28.2161 	EXP 	text: autoDraw = False
28.2161 	EXP 	stim_00: autoDraw = False
28.2161 	EXP 	stim_01: autoDraw = False
28.2161 	EXP 	stim_10: autoDraw = False
28.2161 	EXP 	stim_11: autoDraw = False
28.2161 	EXP 	stim_00: image = 'stimuli/3.png'
28.2161 	EXP 	stim_01: image = 'stimuli/9.png'
28.2161 	EXP 	stim_10: image = 'stimuli/3.png'
28.2161 	EXP 	stim_11: image = 'stimuli/6.png'
28.2161 	EXP 	dist_2afc_test: autoDraw = True
28.2161 	EXP 	text: autoDraw = True
28.2161 	EXP 	stim_00: autoDraw = True
28.2161 	EXP 	stim_01: autoDraw = True
28.2161 	EXP 	stim_10: autoDraw = True
28.2161 	EXP 	stim_11: autoDraw = True
28.5170 	EXP 	New trial (rep=7, index=0): None
28.5381 	DATA 	Keypress: left
28.5426 	EXP 	dist_2afc_test: autoDraw = False
28.5426 	EXP 	text: autoDraw = False
28.5426 	EXP 	stim_00: autoDraw = False
28.5426 	EXP 	stim_01: autoDraw = False
28.5426 	EXP 	stim_10: autoDraw = False
28.5426 	EXP 	stim_11: autoDraw = False
28.5426 	EXP 	stim_00: image = 'stimuli/3.png'
28.5426 	EXP 	stim_01: image = 'stimuli/6.png'
28.5426 	EXP 	stim_10: image = 'stimuli/1.png'
28.5426 	EXP 	stim_11: image = 'stimuli/8.png'
28.5426 	EXP 	dist_2afc_test: autoDraw = True
28.5426 	EXP 	text: autoDraw = True
28.5426 	EXP 	stim_00: autoDraw = True
28.5426 	EXP 	stim_01: autoDraw = True
28.5426 	EXP 	stim_10: autoDraw = True
28.5426 	EXP 	stim_11: autoDraw = True
28.8650 	EXP 	New trial (rep=8, index=0): None
28.8869 	DATA 	Keypress: right
28.8909 	EXP 	dist_2afc_test: autoDraw = False
28.8909 	EXP 	text: autoDraw = False
28.8909 	EXP 	stim_00: autoDraw = False
28.8909 	EXP 	stim_01: autoDraw = False
28.8909 	EXP 	stim_10: autoDraw = False
28.8909 	EXP 	stim_11: autoDraw = False
28.8909 	EXP 	stim_00: image = 'stimuli/8.png'
28.8909 	EXP 	stim_01: image = 'stimuli/5.png'
28.8909 	EXP 	stim_10: image = 'stimuli/2.png'
28.8909 	EXP 	stim_11: image = 'stimuli/5.png'
28.8909 	EXP 	dist_2afc_test: autoDraw = True
28.8909 	EXP 	text: autoDraw = True
28.8909 	EXP 	stim_00: autoDraw = True
28.8909 	EXP 	stim_01: autoDraw = True
28.8909 	EXP 	stim_10: autoDraw = True
28.8909 	EXP 	stim_11: autoDraw = True
29.1823 	EXP 	New trial (rep=9, index=0): None
29.1932 	DATA 	Keypress: left
29.1988 	EXP 	dist_2afc_test: autoDraw = False
29.1988 	EXP 	text: autoDraw = False
29.1988 	EXP 	stim_00: autoDraw = False
29.1988 	EXP 	stim_01: autoDraw = False
29.1988 	EXP 	stim_10: autoDraw = False
29.1988 	EXP 	stim_11: autoDraw = False
29.1988 	EXP 	stim_00: image = 'stimuli/4.png'
29.1988 	EXP 	stim_01: image = 'stimuli/8.png'
29.1988 	EXP 	stim_10: image = 'stimuli/1.png'
29.1988 	EXP 	stim_11: image = 'stimuli/5.png'
29.1988 	EXP 	dist_2afc_test: autoDraw = True
29.1988 	EXP 	text: autoDraw = True
29.1988 	EXP 	stim_00: autoDraw = True
29.1988 	EXP 	stim_01: autoDraw = True
29.1988 	EXP 	stim_10: autoDraw = True
29.1988 	EXP 	stim_11: autoDraw = True
29.4668 	EXP 	New trial (rep=10, index=0): None
29.4847 	DATA 	Keypress: right
29.4902 	EXP 	dist_2afc_test: autoDraw = False
29.4902 	EXP 	text: autoDraw = False
29.4902 	EXP 	stim_00: autoDraw = False
29.4902 	EXP 	stim_01: autoDraw = False
29.4902 	EXP 	stim_10: autoDraw = False
29.4902 	EXP 	stim_11: autoDraw = False
29.4902 	EXP 	stim_00: image = 'stimuli/2.png'
29.4902 	EXP 	stim_01: image = 'stimuli/9.png'
29.4902 	EXP 	stim_10: image = 'stimuli/9.png'
29.4902 	EXP 	stim_11: image = 'stimuli/5.png'
29.4902 	EXP 	dist_2afc_test: autoDraw = True
29.4902 	EXP 	text: autoDraw = True
29.4902 	EXP 	stim_00: autoDraw = True
29.4902 	EXP 	stim_01: autoDraw = True
29.4902 	EXP 	stim_10: autoDraw = True
29.4902 	EXP 	stim_11: autoDraw = True
29.7170 	EXP 	New trial (rep=11, index=0): None
29.7462 	DATA 	Keypress: left
29.7504 	EXP 	dist_2afc_test: autoDraw = False
29.7504 	EXP 	text: autoDraw = False
29.7504 	EXP 	stim_00: autoDraw = False
29.7504 	EXP 	stim_01: autoDraw = False
29.7504 	EXP 	stim_10: autoDraw = False
29.7504 	EXP 	stim_11: autoDraw = False
29.7504 	EXP 	stim_00: image = 'stimuli/2.png'
29.7504 	EXP 	stim_01: image = 'stimuli/6.png'
29.7504 	EXP 	stim_10: image = 'stimuli/8.png'
29.7504 	EXP 	stim_11: image = 'stimuli/5.png'
29.7504 	EXP 	dist_2afc_test: autoDraw = True
29.7504 	EXP 	text: autoDraw = True
29.7504 	EXP 	stim_00: autoDraw = True
29.7504 	EXP 	stim_01: autoDraw = True
29.7504 	EXP 	stim_10: autoDraw = True
29.7504 	EXP 	stim_11: autoDraw = True
29.9486 	EXP 	New trial (rep=12, index=0): None
29.9653 	DATA 	Keypress: right
29.9698 	EXP 	dist_2afc_test: autoDraw = False
29.9698 	EXP 	text: autoDraw = False
29.9698 	EXP 	stim_00: autoDraw = False
29.9698 	EXP 	stim_01: autoDraw = False
29.9698 	EXP 	stim_10: autoDraw = False
29.9698 	EXP 	stim_11: autoDraw = False
29.9698 	EXP 	stim_00: image = 'stimuli/2.png'
29.9698 	EXP 	stim_01: image = 'stimuli/9.png'
29.9698 	EXP 	stim_10: image = 'stimuli/4.png'
29.9698 	EXP 	stim_11: image = 'stimuli/6.png'
29.9698 	EXP 	dist_2afc_test: autoDraw = True
29.9698 	EXP 	text: autoDraw = True
29.9698 	EXP 	stim_00: autoDraw = True
29.9698 	EXP 	stim_01: autoDraw = True
29.9698 	EXP 	stim_10: autoDraw = True
29.9698 	EXP 	stim_11: autoDraw = True
30.1313 	EXP 	New trial (rep=13, index=0): None
30.1427 	DATA 	Keypress: left
30.1490 	EXP 	dist_2afc_test: autoDraw = False
30.1490 	EXP 	text: autoDraw = False
30.1490 	EXP 	stim_00: autoDraw = False
30.1490 	EXP 	stim_01: autoDraw = False
30.1490 	EXP 	stim_10: autoDraw = False
30.1490 	EXP 	stim_11: autoDraw = False
30.1490 	EXP 	stim_00: image = 'stimuli/4.png'
30.1490 	EXP 	stim_01: image = 'stimuli/9.png'
30.1490 	EXP 	stim_10: image = 'stimuli/2.png'
30.1490 	EXP 	stim_11: image = 'stimuli/5.png'
30.1490 	EXP 	dist_2afc_test: autoDraw = True
30.1490 	EXP 	text: autoDraw = True
30.1490 	EXP 	stim_00: autoDraw = True
30.1490 	EXP 	stim_01: autoDraw = True
30.1490 	EXP 	stim_10: autoDraw = True
30.1490 	EXP 	stim_11: autoDraw = True
30.3317 	EXP 	New trial (rep=14, index=0): None
30.3425 	DATA 	Keypress: right
30.3491 	EXP 	dist_2afc_test: autoDraw = False
30.3491 	EXP 	text: autoDraw = False
30.3491 	EXP 	stim_00: autoDraw = False
30.3491 	EXP 	stim_01: autoDraw = False
30.3491 	EXP 	stim_10: autoDraw = False
30.3491 	EXP 	stim_11: autoDraw = False
30.3491 	EXP 	stim_00: image = 'stimuli/1.png'
30.3491 	EXP 	stim_01: image = 'stimuli/8.png'
30.3491 	EXP 	stim_10: image = 'stimuli/1.png'
30.3491 	EXP 	stim_11: image = 'stimuli/5.png'
30.3491 	EXP 	dist_2afc_test: autoDraw = True
30.3491 	EXP 	text: autoDraw = True
30.3491 	EXP 	stim_00: autoDraw = True
30.3491 	EXP 	stim_01: autoDraw = True
30.3491 	EXP 	stim_10: autoDraw = True
30.3491 	EXP 	stim_11: autoDraw = True
30.5010 	DATA 	Keypress: left
30.5173 	EXP 	New trial (rep=15, index=0): None
30.5358 	EXP 	dist_2afc_test: autoDraw = False
30.5358 	EXP 	text: autoDraw = False
30.5358 	EXP 	stim_00: autoDraw = False
30.5358 	EXP 	stim_01: autoDraw = False
30.5358 	EXP 	stim_10: autoDraw = False
30.5358 	EXP 	stim_11: autoDraw = False
30.5358 	EXP 	stim_00: image = 'stimuli/1.png'
30.5358 	EXP 	stim_01: image = 'stimuli/9.png'
30.5358 	EXP 	stim_10: image = 'stimuli/2.png'
30.5358 	EXP 	stim_11: image = 'stimuli/3.png'
30.5358 	EXP 	dist_2afc_test: autoDraw = True
30.5358 	EXP 	text: autoDraw = True
30.5358 	EXP 	stim_00: autoDraw = True
30.5358 	EXP 	stim_01: autoDraw = True
30.5358 	EXP 	stim_10: autoDraw = True
30.5358 	EXP 	stim_11: autoDraw = True
30.6669 	EXP 	New trial (rep=16, index=0): None
30.6817 	DATA 	Keypress: right
30.6865 	EXP 	dist_2afc_test: autoDraw = False
30.6865 	EXP 	text: autoDraw = False
30.6865 	EXP 	stim_00: autoDraw = False
30.6865 	EXP 	stim_01: autoDraw = False
30.6865 	EXP 	stim_10: autoDraw = False
30.6865 	EXP 	stim_11: autoDraw = False
30.6865 	EXP 	stim_00: image = 'stimuli/4.png'
30.6865 	EXP 	stim_01: image = 'stimuli/5.png'
30.6865 	EXP 	stim_10: image = 'stimuli/3.png'
30.6865 	EXP 	stim_11: image = 'stimuli/6.png'
30.6865 	EXP 	dist_2afc_test: autoDraw = True
30.6865 	EXP 	text: autoDraw = True
30.6865 	EXP 	stim_00: autoDraw = True
30.6865 	EXP 	stim_01: autoDraw = True
30.6865 	EXP 	stim_10: autoDraw = True
30.6865 	EXP 	stim_11: autoDraw = True
30.8006 	EXP 	New trial (rep=17, index=0): None
30.8124 	DATA 	Keypress: left
30.8160 	EXP 	dist_2afc_test: autoDraw = False
30.8160 	EXP 	text: autoDraw = False
30.8160 	EXP 	stim_00: autoDraw = False
30.8160 	EXP 	stim_01: autoDraw = False
30.8160 	EXP 	stim_10: autoDraw = False
30.8160 	EXP 	stim_11: autoDraw = False
30.8160 	EXP 	stim_00: image = 'stimuli/4.png'
30.8160 	EXP 	stim_01: image = 'stimuli/5.png'
30.8160 	EXP 	stim_10: image = 'stimuli/2.png'
30.8160 	EXP 	stim_11: image = 'stimuli/6.png'
30.8160 	EXP 	dist_2afc_test: autoDraw = True
30.8160 	EXP 	text: autoDraw = True
30.8160 	EXP 	stim_00: autoDraw = True
30.8160 	EXP 	stim_01: autoDraw = True
30.8160 	EXP 	stim_10: autoDraw = True
30.8160 	EXP 	stim_11: autoDraw = True
30.9495 	DATA 	Keypress: right
30.9650 	EXP 	New trial (rep=18, index=0): None
30.9821 	EXP 	dist_2afc_test: autoDraw = False
30.9821 	EXP 	text: autoDraw = False
30.9821 	EXP 	stim_00: autoDraw = False
30.9821 	EXP 	stim_01: autoDraw = False
30.9821 	EXP 	stim_10: autoDraw = False
30.9821 	EXP 	stim_11: autoDraw = False
30.9821 	EXP 	stim_00: image = 'stimuli/2.png'
30.9821 	EXP 	stim_01: image = 'stimuli/5.png'
30.9821 	EXP 	stim_10: image = 'stimuli/4.png'
30.9821 	EXP 	stim_11: image = 'stimuli/5.png'
30.9821 	EXP 	dist_2afc_test: autoDraw = True
30.9821 	EXP 	text: autoDraw = True
30.9821 	EXP 	stim_00: autoDraw = True
30.9821 	EXP 	stim_01: autoDraw = True
30.9821 	EXP 	stim_10: autoDraw = True
30.9821 	EXP 	stim_11: autoDraw = True
31.1161 	DATA 	Keypress: left
31.1316 	EXP 	New trial (rep=19, index=0): None
31.1482 	EXP 	dist_2afc_test: autoDraw = False
31.1482 	EXP 	text: autoDraw = False
31.1482 	EXP 	stim_00: autoDraw = False
31.1482 	EXP 	stim_01: autoDraw = False
31.1482 	EXP 	stim_10: autoDraw = False
31.1482 	EXP 	stim_11: autoDraw = False
31.1482 	EXP 	stim_00: image = 'stimuli/4.png'
31.1482 	EXP 	stim_01: image = 'stimuli/5.png'
31.1482 	EXP 	stim_10: image = 'stimuli/1.png'
31.1482 	EXP 	stim_11: image = 'stimuli/5.png'
31.1482 	EXP 	dist_2afc_test: autoDraw = True
31.1482 	EXP 	text: autoDraw = True
31.1482 	EXP 	stim_00: autoDraw = True
31.1482 	EXP 	stim_01: autoDraw = True
31.1482 	EXP 	stim_10: autoDraw = True
31.1482 	EXP 	stim_11: autoDraw = True
31.3151 	EXP 	New trial (rep=20, index=0): None
31.3281 	DATA 	Keypress: right
31.3325 	EXP 	dist_2afc_test: autoDraw = False
31.3325 	EXP 	text: autoDraw = False
31.3325 	EXP 	stim_00: autoDraw = False
31.3325 	EXP 	stim_01: autoDraw = False
31.3325 	EXP 	stim_10: autoDraw = False
31.3325 	EXP 	stim_11: autoDraw = False
31.3325 	EXP 	stim_00: image = 'stimuli/1.png'
31.3325 	EXP 	stim_01: image = 'stimuli/5.png'
31.3325 	EXP 	stim_10: image = 'stimuli/9.png'
31.3325 	EXP 	stim_11: image = 'stimuli/5.png'
31.3325 	EXP 	dist_2afc_test: autoDraw = True
31.3325 	EXP 	text: autoDraw = True
31.3325 	EXP 	stim_00: autoDraw = True
31.3325 	EXP 	stim_01: autoDraw = True
31.3325 	EXP 	stim_10: autoDraw = True
31.3325 	EXP 	stim_11: autoDraw = True
31.4980 	EXP 	New trial (rep=21, index=0): None
31.5084 	DATA 	Keypress: left
31.5152 	EXP 	dist_2afc_test: autoDraw = False
31.5152 	EXP 	text: autoDraw = False
31.5152 	EXP 	stim_00: autoDraw = False
31.5152 	EXP 	stim_01: autoDraw = False
31.5152 	EXP 	stim_10: autoDraw = False
31.5152 	EXP 	stim_11: autoDraw = False
31.5152 	EXP 	stim_00: image = 'stimuli/1.png'
31.5152 	EXP 	stim_01: image = 'stimuli/5.png'
31.5152 	EXP 	stim_10: image = 'stimuli/1.png'
31.5152 	EXP 	stim_11: image = 'stimuli/3.png'
31.5152 	EXP 	dist_2afc_test: autoDraw = True
31.5152 	EXP 	text: autoDraw = True
31.5152 	EXP 	stim_00: autoDraw = True
31.5152 	EXP 	stim_01: autoDraw = True
31.5152 	EXP 	stim_10: autoDraw = True
31.5152 	EXP 	stim_11: autoDraw = True
31.6480 	EXP 	New trial (rep=22, index=0): None
31.6579 	DATA 	Keypress: right
31.6651 	EXP 	dist_2afc_test: autoDraw = False
31.6651 	EXP 	text: autoDraw = False
31.6651 	EXP 	stim_00: autoDraw = False
31.6651 	EXP 	stim_01: autoDraw = False
31.6651 	EXP 	stim_10: autoDraw = False
31.6651 	EXP 	stim_11: autoDraw = False
31.6651 	EXP 	stim_00: image = 'stimuli/1.png'
31.6651 	EXP 	stim_01: image = 'stimuli/5.png'
31.6651 	EXP 	stim_10: image = 'stimuli/4.png'
31.6651 	EXP 	stim_11: image = 'stimuli/9.png'
31.6651 	EXP 	dist_2afc_test: autoDraw = True
31.6651 	EXP 	text: autoDraw = True
31.6651 	EXP 	stim_00: autoDraw = True
31.6651 	EXP 	stim_01: autoDraw = True
31.6651 	EXP 	stim_10: autoDraw = True
31.6651 	EXP 	stim_11: autoDraw = True
31.8318 	EXP 	New trial (rep=23, index=0): None
31.8420 	DATA 	Keypress: left
31.8484 	EXP 	dist_2afc_test: autoDraw = False
31.8484 	EXP 	text: autoDraw = False
31.8484 	EXP 	stim_00: autoDraw = False
31.8484 	EXP 	stim_01: autoDraw = False
31.8484 	EXP 	stim_10: autoDraw = False
31.8484 	EXP 	stim_11: autoDraw = False
31.8484 	EXP 	stim_00: image = 'stimuli/1.png'
31.8484 	EXP 	stim_01: image = 'stimuli/5.png'
31.8484 	EXP 	stim_10: image = 'stimuli/4.png'
31.8484 	EXP 	stim_11: image = 'stimuli/5.png'
31.8484 	EXP 	dist_2afc_test: autoDraw = True
31.8484 	EXP 	text: autoDraw = True
31.8484 	EXP 	stim_00: autoDraw = True
31.8484 	EXP 	stim_01: autoDraw = True
31.8484 	EXP 	stim_10: autoDraw = True
31.8484 	EXP 	stim_11: autoDraw = True
32.0149 	EXP 	New trial (rep=24, index=0): None
32.0253 	DATA 	Keypress: right
32.0327 	EXP 	dist_2afc_test: autoDraw = False
32.0327 	EXP 	text: autoDraw = False
32.0327 	EXP 	stim_00: autoDraw = False
32.0327 	EXP 	stim_01: autoDraw = False
32.0327 	EXP 	stim_10: autoDraw = False
32.0327 	EXP 	stim_11: autoDraw = False
32.0327 	EXP 	stim_00: image = 'stimuli/2.png'
32.0327 	EXP 	stim_01: image = 'stimuli/3.png'
32.0327 	EXP 	stim_10: image = 'stimuli/9.png'
32.0327 	EXP 	stim_11: image = 'stimuli/6.png'
32.0327 	EXP 	dist_2afc_test: autoDraw = True
32.0327 	EXP 	text: autoDraw = True
32.0327 	EXP 	stim_00: autoDraw = True
32.0327 	EXP 	stim_01: autoDraw = True
32.0327 	EXP 	stim_10: autoDraw = True
32.0327 	EXP 	stim_11: autoDraw = True
32.1484 	EXP 	New trial (rep=25, index=0): None
32.1551 	DATA 	Keypress: left
32.1653 	EXP 	dist_2afc_test: autoDraw = False
32.1653 	EXP 	text: autoDraw = False
32.1653 	EXP 	stim_00: autoDraw = False
32.1653 	EXP 	stim_01: autoDraw = False
32.1653 	EXP 	stim_10: autoDraw = False
32.1653 	EXP 	stim_11: autoDraw = False
32.1653 	EXP 	stim_00: image = 'stimuli/2.png'
32.1653 	EXP 	stim_01: image = 'stimuli/3.png'
32.1653 	EXP 	stim_10: image = 'stimuli/2.png'
32.1653 	EXP 	stim_11: image = 'stimuli/8.png'
32.1653 	EXP 	dist_2afc_test: autoDraw = True
32.1653 	EXP 	text: autoDraw = True
32.1653 	EXP 	stim_00: autoDraw = True
32.1653 	EXP 	stim_01: autoDraw = True
32.1653 	EXP 	stim_10: autoDraw = True
32.1653 	EXP 	stim_11: autoDraw = True
32.3319 	EXP 	New trial (rep=26, index=0): None
32.3519 	DATA 	Keypress: right
32.3562 	EXP 	dist_2afc_test: autoDraw = False
32.3562 	EXP 	text: autoDraw = False
32.3562 	EXP 	stim_00: autoDraw = False
32.3562 	EXP 	stim_01: autoDraw = False
32.3562 	EXP 	stim_10: autoDraw = False
32.3562 	EXP 	stim_11: autoDraw = False
32.3562 	EXP 	stim_00: image = 'stimuli/8.png'
32.3562 	EXP 	stim_01: image = 'stimuli/9.png'
32.3562 	EXP 	stim_10: image = 'stimuli/4.png'
32.3562 	EXP 	stim_11: image = 'stimuli/9.png'
32.3562 	EXP 	dist_2afc_test: autoDraw = True
32.3562 	EXP 	text: autoDraw = True
32.3562 	EXP 	stim_00: autoDraw = True
32.3562 	EXP 	stim_01: autoDraw = True
32.3562 	EXP 	stim_10: autoDraw = True
32.3562 	EXP 	stim_11: autoDraw = True
32.5500 	EXP 	New trial (rep=27, index=0): None
32.5649 	DATA 	Keypress: left
32.5690 	EXP 	dist_2afc_test: autoDraw = False
32.5690 	EXP 	text: autoDraw = False
32.5690 	EXP 	stim_00: autoDraw = False
32.5690 	EXP 	stim_01: autoDraw = False
32.5690 	EXP 	stim_10: autoDraw = False
32.5690 	EXP 	stim_11: autoDraw = False
32.5690 	EXP 	stim_00: image = 'stimuli/8.png'
32.5690 	EXP 	stim_01: image = 'stimuli/9.png'
32.5690 	EXP 	stim_10: image = 'stimuli/4.png'
32.5690 	EXP 	stim_11: image = 'stimuli/5.png'
32.5690 	EXP 	dist_2afc_test: autoDraw = True
32.5690 	EXP 	text: autoDraw = True
32.5690 	EXP 	stim_00: autoDraw = True
32.5690 	EXP 	stim_01: autoDraw = True
32.5690 	EXP 	stim_10: autoDraw = True
32.5690 	EXP 	stim_11: autoDraw = True
32.7334 	EXP 	New trial (rep=28, index=0): None
32.7510 	DATA 	Keypress: right
32.7564 	EXP 	dist_2afc_test: autoDraw = False
32.7564 	EXP 	text: autoDraw = False
32.7564 	EXP 	stim_00: autoDraw = False
32.7564 	EXP 	stim_01: autoDraw = False
32.7564 	EXP 	stim_10: autoDraw = False
32.7564 	EXP 	stim_11: autoDraw = False
32.7564 	EXP 	stim_00: image = 'stimuli/9.png'
32.7564 	EXP 	stim_01: image = 'stimuli/6.png'
32.7564 	EXP 	stim_10: image = 'stimuli/1.png'
32.7564 	EXP 	stim_11: image = 'stimuli/5.png'
32.7564 	EXP 	dist_2afc_test: autoDraw = True
32.7564 	EXP 	text: autoDraw = True
32.7564 	EXP 	stim_00: autoDraw = True
32.7564 	EXP 	stim_01: autoDraw = True
32.7564 	EXP 	stim_10: autoDraw = True
32.7564 	EXP 	stim_11: autoDraw = True
32.9815 	EXP 	New trial (rep=29, index=0): None
32.9908 	DATA 	Keypress: left
32.9992 	EXP 	dist_2afc_test: autoDraw = False
32.9992 	EXP 	text: autoDraw = False
32.9992 	EXP 	stim_00: autoDraw = False
32.9992 	EXP 	stim_01: autoDraw = False
32.9992 	EXP 	stim_10: autoDraw = False
32.9992 	EXP 	stim_11: autoDraw = False
32.9992 	EXP 	stim_00: image = 'stimuli/4.png'
32.9992 	EXP 	stim_01: image = 'stimuli/8.png'
32.9992 	EXP 	stim_10: image = 'stimuli/1.png'
32.9992 	EXP 	stim_11: image = 'stimuli/2.png'
32.9992 	EXP 	dist_2afc_test: autoDraw = True
32.9992 	EXP 	text: autoDraw = True
32.9992 	EXP 	stim_00: autoDraw = True
32.9992 	EXP 	stim_01: autoDraw = True
32.9992 	EXP 	stim_10: autoDraw = True
32.9992 	EXP 	stim_11: autoDraw = True
33.5647 	EXP 	New trial (rep=30, index=0): None
33.5737 	DATA 	Keypress: right
33.5819 	EXP 	dist_2afc_test: autoDraw = False
33.5819 	EXP 	text: autoDraw = False
33.5819 	EXP 	stim_00: autoDraw = False
33.5819 	EXP 	stim_01: autoDraw = False
33.5819 	EXP 	stim_10: autoDraw = False
33.5819 	EXP 	stim_11: autoDraw = False
33.5819 	EXP 	stim_00: image = 'stimuli/8.png'
33.5819 	EXP 	stim_01: image = 'stimuli/5.png'
33.5819 	EXP 	stim_10: image = 'stimuli/1.png'
33.5819 	EXP 	stim_11: image = 'stimuli/3.png'
33.5819 	EXP 	dist_2afc_test: autoDraw = True
33.5819 	EXP 	text: autoDraw = True
33.5819 	EXP 	stim_00: autoDraw = True
33.5819 	EXP 	stim_01: autoDraw = True
33.5819 	EXP 	stim_10: autoDraw = True
33.5819 	EXP 	stim_11: autoDraw = True
34.0983 	EXP 	New trial (rep=31, index=0): None
34.1099 	DATA 	Keypress: left
34.1151 	EXP 	dist_2afc_test: autoDraw = False
34.1151 	EXP 	text: autoDraw = False
34.1151 	EXP 	stim_00: autoDraw = False
34.1151 	EXP 	stim_01: autoDraw = False
34.1151 	EXP 	stim_10: autoDraw = False
34.1151 	EXP 	stim_11: autoDraw = False
34.1151 	EXP 	stim_00: image = 'stimuli/1.png'
34.1151 	EXP 	stim_01: image = 'stimuli/3.png'
34.1151 	EXP 	stim_10: image = 'stimuli/1.png'
34.1151 	EXP 	stim_11: image = 'stimuli/8.png'
34.1151 	EXP 	dist_2afc_test: autoDraw = True
34.1151 	EXP 	text: autoDraw = True
34.1151 	EXP 	stim_00: autoDraw = True
34.1151 	EXP 	stim_01: autoDraw = True
34.1151 	EXP 	stim_10: autoDraw = True
34.1151 	EXP 	stim_11: autoDraw = True
34.4147 	EXP 	New trial (rep=32, index=0): None
34.4284 	DATA 	Keypress: right
34.4329 	EXP 	dist_2afc_test: autoDraw = False
34.4329 	EXP 	text: autoDraw = False
34.4329 	EXP 	stim_00: autoDraw = False
34.4329 	EXP 	stim_01: autoDraw = False
34.4329 	EXP 	stim_10: autoDraw = False
34.4329 	EXP 	stim_11: autoDraw = False
34.4329 	EXP 	stim_00: image = 'stimuli/3.png'
34.4329 	EXP 	stim_01: image = 'stimuli/6.png'
34.4329 	EXP 	stim_10: image = 'stimuli/1.png'
34.4329 	EXP 	stim_11: image = 'stimuli/6.png'
34.4329 	EXP 	dist_2afc_test: autoDraw = True
34.4329 	EXP 	text: autoDraw = True
34.4329 	EXP 	stim_00: autoDraw = True
34.4329 	EXP 	stim_01: autoDraw = True
34.4329 	EXP 	stim_10: autoDraw = True
34.4329 	EXP 	stim_11: autoDraw = True
34.7831 	EXP 	New trial (rep=33, index=0): None
34.7989 	DATA 	Keypress: left
34.8041 	EXP 	dist_2afc_test: autoDraw = False
34.8041 	EXP 	text: autoDraw = False
34.8041 	EXP 	stim_00: autoDraw = False
34.8041 	EXP 	stim_01: autoDraw = False
34.8041 	EXP 	stim_10: autoDraw = False
34.8041 	EXP 	stim_11: autoDraw = False
34.8041 	EXP 	stim_00: image = 'stimuli/1.png'
34.8041 	EXP 	stim_01: image = 'stimuli/3.png'
34.8041 	EXP 	stim_10: image = 'stimuli/1.png'
34.8041 	EXP 	stim_11: image = 'stimuli/5.png'
34.8041 	EXP 	dist_2afc_test: autoDraw = True
34.8041 	EXP 	text: autoDraw = True
34.8041 	EXP 	stim_00: autoDraw = True
34.8041 	EXP 	stim_01: autoDraw = True
34.8041 	EXP 	stim_10: autoDraw = True
34.8041 	EXP 	stim_11: autoDraw = True
35.0316 	EXP 	New trial (rep=34, index=0): None
35.0455 	DATA 	Keypress: right
35.0506 	EXP 	dist_2afc_test: autoDraw = False
35.0506 	EXP 	text: autoDraw = False
35.0506 	EXP 	stim_00: autoDraw = False
35.0506 	EXP 	stim_01: autoDraw = False
35.0506 	EXP 	stim_10: autoDraw = False
35.0506 	EXP 	stim_11: autoDraw = False
35.0506 	EXP 	stim_00: image = 'stimuli/1.png'
35.0506 	EXP 	stim_01: image = 'stimuli/8.png'
35.0506 	EXP 	stim_10: image = 'stimuli/8.png'
35.0506 	EXP 	stim_11: image = 'stimuli/9.png'
35.0506 	EXP 	dist_2afc_test: autoDraw = True
35.0506 	EXP 	text: autoDraw = True
35.0506 	EXP 	stim_00: autoDraw = True
35.0506 	EXP 	stim_01: autoDraw = True
35.0506 	EXP 	stim_10: autoDraw = True
35.0506 	EXP 	stim_11: autoDraw = True
35.3322 	EXP 	New trial (rep=35, index=0): None
35.3543 	DATA 	Keypress: left
35.3635 	EXP 	dist_2afc_test: autoDraw = False
35.3635 	EXP 	text: autoDraw = False
35.3635 	EXP 	stim_00: autoDraw = False
35.3635 	EXP 	stim_01: autoDraw = False
35.3635 	EXP 	stim_10: autoDraw = False
35.3635 	EXP 	stim_11: autoDraw = False
35.3635 	EXP 	stim_00: image = 'stimuli/4.png'
35.3635 	EXP 	stim_01: image = 'stimuli/6.png'
35.3635 	EXP 	stim_10: image = 'stimuli/4.png'
35.3635 	EXP 	stim_11: image = 'stimuli/8.png'
35.3635 	EXP 	dist_2afc_test: autoDraw = True
35.3635 	EXP 	text: autoDraw = True
35.3635 	EXP 	stim_00: autoDraw = True
35.3635 	EXP 	stim_01: autoDraw = True
35.3635 	EXP 	stim_10: autoDraw = True
35.3635 	EXP 	stim_11: autoDraw = True
35.6000 	EXP 	New trial (rep=36, index=0): None
35.6170 	DATA 	Keypress: right
35.6215 	EXP 	dist_2afc_test: autoDraw = False
35.6215 	EXP 	text: autoDraw = False
35.6215 	EXP 	stim_00: autoDraw = False
35.6215 	EXP 	stim_01: autoDraw = False
35.6215 	EXP 	stim_10: autoDraw = False
35.6215 	EXP 	stim_11: autoDraw = False
35.6215 	EXP 	stim_00: image = 'stimuli/4.png'
35.6215 	EXP 	stim_01: image = 'stimuli/9.png'
35.6215 	EXP 	stim_10: image = 'stimuli/2.png'
35.6215 	EXP 	stim_11: image = 'stimuli/9.png'
35.6215 	EXP 	dist_2afc_test: autoDraw = True
35.6215 	EXP 	text: autoDraw = True
35.6215 	EXP 	stim_00: autoDraw = True
35.6215 	EXP 	stim_01: autoDraw = True
35.6215 	EXP 	stim_10: autoDraw = True
35.6215 	EXP 	stim_11: autoDraw = True
35.8650 	EXP 	New trial (rep=37, index=0): None
35.8776 	DATA 	Keypress: left
35.8824 	EXP 	dist_2afc_test: autoDraw = False
35.8824 	EXP 	text: autoDraw = False
35.8824 	EXP 	stim_00: autoDraw = False
35.8824 	EXP 	stim_01: autoDraw = False
35.8824 	EXP 	stim_10: autoDraw = False
35.8824 	EXP 	stim_11: autoDraw = False
35.8824 	EXP 	stim_00: image = 'stimuli/2.png'
35.8824 	EXP 	stim_01: image = 'stimuli/9.png'
35.8824 	EXP 	stim_10: image = 'stimuli/1.png'
35.8824 	EXP 	stim_11: image = 'stimuli/6.png'
35.8824 	EXP 	dist_2afc_test: autoDraw = True
35.8824 	EXP 	text: autoDraw = True
35.8824 	EXP 	stim_00: autoDraw = True
35.8824 	EXP 	stim_01: autoDraw = True
35.8824 	EXP 	stim_10: autoDraw = True
35.8824 	EXP 	stim_11: autoDraw = True
36.0826 	DATA 	Keypress: right
36.0983 	EXP 	New trial (rep=38, index=0): None
36.1153 	EXP 	dist_2afc_test: autoDraw = False
36.1153 	EXP 	text: autoDraw = False
36.1153 	EXP 	stim_00: autoDraw = False
36.1153 	EXP 	stim_01: autoDraw = False
36.1153 	EXP 	stim_10: autoDraw = False
36.1153 	EXP 	stim_11: autoDraw = False
36.1153 	EXP 	stim_00: image = 'stimuli/2.png'
36.1153 	EXP 	stim_01: image = 'stimuli/6.png'
36.1153 	EXP 	stim_10: image = 'stimuli/1.png'
36.1153 	EXP 	stim_11: image = 'stimuli/5.png'
36.1153 	EXP 	dist_2afc_test: autoDraw = True
36.1153 	EXP 	text: autoDraw = True
36.1153 	EXP 	stim_00: autoDraw = True
36.1153 	EXP 	stim_01: autoDraw = True
36.1153 	EXP 	stim_10: autoDraw = True
36.1153 	EXP 	stim_11: autoDraw = True
36.2985 	EXP 	New trial (rep=39, index=0): None
36.3115 	DATA 	Keypress: left
36.3155 	EXP 	dist_2afc_test: autoDraw = False
36.3155 	EXP 	text: autoDraw = False
36.3155 	EXP 	stim_00: autoDraw = False
36.3155 	EXP 	stim_01: autoDraw = False
36.3155 	EXP 	stim_10: autoDraw = False
36.3155 	EXP 	stim_11: autoDraw = False
36.3155 	EXP 	stim_00: image = 'stimuli/1.png'
36.3155 	EXP 	stim_01: image = 'stimuli/6.png'
36.3155 	EXP 	stim_10: image = 'stimuli/1.png'
36.3155 	EXP 	stim_11: image = 'stimuli/4.png'
36.3155 	EXP 	dist_2afc_test: autoDraw = True
36.3155 	EXP 	text: autoDraw = True
36.3155 	EXP 	stim_00: autoDraw = True
36.3155 	EXP 	stim_01: autoDraw = True
36.3155 	EXP 	stim_10: autoDraw = True
36.3155 	EXP 	stim_11: autoDraw = True
36.5153 	EXP 	New trial (rep=40, index=0): None
36.5284 	DATA 	Keypress: right
36.5334 	EXP 	dist_2afc_test: autoDraw = False
36.5334 	EXP 	text: autoDraw = False
36.5334 	EXP 	stim_00: autoDraw = False
36.5334 	EXP 	stim_01: autoDraw = False
36.5334 	EXP 	stim_10: autoDraw = False
36.5334 	EXP 	stim_11: autoDraw = False
36.5334 	EXP 	stim_00: image = 'stimuli/1.png'
36.5334 	EXP 	stim_01: image = 'stimuli/9.png'
36.5334 	EXP 	stim_10: image = 'stimuli/4.png'
36.5334 	EXP 	stim_11: image = 'stimuli/8.png'
36.5334 	EXP 	dist_2afc_test: autoDraw = True
36.5334 	EXP 	text: autoDraw = True
36.5334 	EXP 	stim_00: autoDraw = True
36.5334 	EXP 	stim_01: autoDraw = True
36.5334 	EXP 	stim_10: autoDraw = True
36.5334 	EXP 	stim_11: autoDraw = True
36.8154 	EXP 	New trial (rep=41, index=0): None
36.8289 	DATA 	Keypress: left
36.8326 	EXP 	dist_2afc_test: autoDraw = False
36.8326 	EXP 	text: autoDraw = False
36.8326 	EXP 	stim_00: autoDraw = False
36.8326 	EXP 	stim_01: autoDraw = False
36.8326 	EXP 	stim_10: autoDraw = False
36.8326 	EXP 	stim_11: autoDraw = False
36.8326 	EXP 	stim_00: image = 'stimuli/1.png'
36.8326 	EXP 	stim_01: image = 'stimuli/9.png'
36.8326 	EXP 	stim_10: image = 'stimuli/4.png'
36.8326 	EXP 	stim_11: image = 'stimuli/6.png'
36.8326 	EXP 	dist_2afc_test: autoDraw = True
36.8326 	EXP 	text: autoDraw = True
36.8326 	EXP 	stim_00: autoDraw = True
36.8326 	EXP 	stim_01: autoDraw = True
36.8326 	EXP 	stim_10: autoDraw = True
36.8326 	EXP 	stim_11: autoDraw = True
36.9817 	EXP 	New trial (rep=42, index=0): None
36.9900 	DATA 	Keypress: right
36.9996 	EXP 	dist_2afc_test: autoDraw = False
36.9996 	EXP 	text: autoDraw = False
36.9996 	EXP 	stim_00: autoDraw = False
36.9996 	EXP 	stim_01: autoDraw = False
36.9996 	EXP 	stim_10: autoDraw = False
36.9996 	EXP 	stim_11: autoDraw = False
36.9996 	EXP 	stim_00: image = 'stimuli/4.png'
36.9996 	EXP 	stim_01: image = 'stimuli/5.png'
36.9996 	EXP 	stim_10: image = 'stimuli/2.png'
36.9996 	EXP 	stim_11: image = 'stimuli/5.png'
36.9996 	EXP 	dist_2afc_test: autoDraw = True
36.9996 	EXP 	text: autoDraw = True
36.9996 	EXP 	stim_00: autoDraw = True
36.9996 	EXP 	stim_01: autoDraw = True
36.9996 	EXP 	stim_10: autoDraw = True
36.9996 	EXP 	stim_11: autoDraw = True
37.2324 	EXP 	New trial (rep=43, index=0): None
37.2415 	DATA 	Keypress: left
37.2484 	EXP 	dist_2afc_test: autoDraw = False
37.2484 	EXP 	text: autoDraw = False
37.2484 	EXP 	stim_00: autoDraw = False
37.2484 	EXP 	stim_01: autoDraw = False
37.2484 	EXP 	stim_10: autoDraw = False
37.2484 	EXP 	stim_11: autoDraw = False
37.2484 	EXP 	stim_00: image = 'stimuli/2.png'
37.2484 	EXP 	stim_01: image = 'stimuli/5.png'
37.2484 	EXP 	stim_10: image = 'stimuli/1.png'
37.2484 	EXP 	stim_11: image = 'stimuli/5.png'
37.2484 	EXP 	dist_2afc_test: autoDraw = True
37.2484 	EXP 	text: autoDraw = True
37.2484 	EXP 	stim_00: autoDraw = True
37.2484 	EXP 	stim_01: autoDraw = True
37.2484 	EXP 	stim_10: autoDraw = True
37.2484 	EXP 	stim_11: autoDraw = True
37.4827 	EXP 	New trial (rep=44, index=0): None
37.5003 	DATA 	Keypress: right
37.5042 	EXP 	dist_2afc_test: autoDraw = False
37.5042 	EXP 	text: autoDraw = False
37.5042 	EXP 	stim_00: autoDraw = False
37.5042 	EXP 	stim_01: autoDraw = False
37.5042 	EXP 	stim_10: autoDraw = False
37.5042 	EXP 	stim_11: autoDraw = False
37.5042 	EXP 	stim_00: image = 'stimuli/1.png'
37.5042 	EXP 	stim_01: image = 'stimuli/5.png'
37.5042 	EXP 	stim_10: image = 'stimuli/1.png'
37.5042 	EXP 	stim_11: image = 'stimuli/2.png'
37.5042 	EXP 	dist_2afc_test: autoDraw = True
37.5042 	EXP 	text: autoDraw = True
37.5042 	EXP 	stim_00: autoDraw = True
37.5042 	EXP 	stim_01: autoDraw = True
37.5042 	EXP 	stim_10: autoDraw = True
37.5042 	EXP 	stim_11: autoDraw = True
37.7816 	EXP 	New trial (rep=45, index=0): None
37.7920 	DATA 	Keypress: left
37.7986 	EXP 	dist_2afc_test: autoDraw = False
37.7986 	EXP 	text: autoDraw = False
37.7986 	EXP 	stim_00: autoDraw = False
37.7986 	EXP 	stim_01: autoDraw = False
37.7986 	EXP 	stim_10: autoDraw = False
37.7986 	EXP 	stim_11: autoDraw = False
37.7986 	EXP 	stim_00: image = 'stimuli/1.png'
37.7986 	EXP 	stim_01: image = 'stimuli/5.png'
37.7986 	EXP 	stim_10: image = 'stimuli/3.png'
37.7986 	EXP 	stim_11: image = 'stimuli/9.png'
37.7986 	EXP 	dist_2afc_test: autoDraw = True
37.7986 	EXP 	text: autoDraw = True
37.7986 	EXP 	stim_00: autoDraw = True
37.7986 	EXP 	stim_01: autoDraw = True
37.7986 	EXP 	stim_10: autoDraw = True
37.7986 	EXP 	stim_11: autoDraw = True
38.0149 	EXP 	New trial (rep=46, index=0): None
38.0270 	DATA 	Keypress: right
38.0313 	EXP 	dist_2afc_test: autoDraw = False
38.0313 	EXP 	text: autoDraw = False
38.0313 	EXP 	stim_00: autoDraw = False
38.0313 	EXP 	stim_01: autoDraw = False
38.0313 	EXP 	stim_10: autoDraw = False
38.0313 	EXP 	stim_11: autoDraw = False
38.0313 	EXP 	stim_00: image = 'stimuli/1.png'
38.0313 	EXP 	stim_01: image = 'stimuli/5.png'
38.0313 	EXP 	stim_10: image = 'stimuli/4.png'
38.0313 	EXP 	stim_11: image = 'stimuli/9.png'
38.0313 	EXP 	dist_2afc_test: autoDraw = True
38.0313 	EXP 	text: autoDraw = True
38.0313 	EXP 	stim_00: autoDraw = True
38.0313 	EXP 	stim_01: autoDraw = True
38.0313 	EXP 	stim_10: autoDraw = True
38.0313 	EXP 	stim_11: autoDraw = True
38.2820 	EXP 	New trial (rep=47, index=0): None
38.2955 	DATA 	Keypress: left
38.3006 	EXP 	dist_2afc_test: autoDraw = False
38.3006 	EXP 	text: autoDraw = False
38.3006 	EXP 	stim_00: autoDraw = False
38.3006 	EXP 	stim_01: autoDraw = False
38.3006 	EXP 	stim_10: autoDraw = False
38.3006 	EXP 	stim_11: autoDraw = False
38.3006 	EXP 	stim_00: image = 'stimuli/1.png'
38.3006 	EXP 	stim_01: image = 'stimuli/5.png'
38.3006 	EXP 	stim_10: image = 'stimuli/1.png'
38.3006 	EXP 	stim_11: image = 'stimuli/6.png'
38.3006 	EXP 	dist_2afc_test: autoDraw = True
38.3006 	EXP 	text: autoDraw = True
38.3006 	EXP 	stim_00: autoDraw = True
38.3006 	EXP 	stim_01: autoDraw = True
38.3006 	EXP 	stim_10: autoDraw = True
38.3006 	EXP 	stim_11: autoDraw = True
38.5513 	DATA 	Keypress: right
38.5810 	EXP 	dist_2afc_test: autoDraw = False
38.5810 	EXP 	text: autoDraw = False
38.5810 	EXP 	stim_00: autoDraw = False
38.5810 	EXP 	stim_01: autoDraw = False
38.5810 	EXP 	stim_10: autoDraw = False
38.5810 	EXP 	stim_11: autoDraw = False
38.5810 	EXP 	graph: autoDraw = True
38.5810 	EXP 	debrief_text: autoDraw = True
38.5810 	EXP 	debriefing_title: autoDraw = True
38.7836 	DATA 	Keypress: left
40.7337 	DATA 	Keypress: escape
42.4636 	EXP 	window1: mouseVisible = True
